This is pdfTeX, Version 3.141592653-2.6-1.40.24 (TeX Live 2022) (preloaded format=pdflatex 2023.1.19)  16 NOV 2023 09:59
entering extended mode
 restricted \write18 enabled.
 file:line:error style messages enabled.
 %&-line parsing enabled.
**/Users/guochenghua/Documents/research/Git/UQ_Graph/Latex/UQ_on_ML.tex
(/Users/guochenghua/Documents/research/Git/UQ_Graph/Latex/UQ_on_ML.tex
LaTeX2e <2021-11-15> patch level 1
L3 programming layer <2022-02-24> (/usr/local/texlive/2022/texmf-dist/tex/latex/base/article.cls
Document Class: article 2021/10/04 v1.4n Standard LaTeX document class
(/usr/local/texlive/2022/texmf-dist/tex/latex/base/size10.clo
File: size10.clo 2021/10/04 v1.4n Standard LaTeX file (size option)
)
\c@part=\count185
\c@section=\count186
\c@subsection=\count187
\c@subsubsection=\count188
\c@paragraph=\count189
\c@subparagraph=\count190
\c@figure=\count191
\c@table=\count192
\abovecaptionskip=\skip47
\belowcaptionskip=\skip48
\bibindent=\dimen138
) (/usr/local/texlive/2022/texmf-dist/tex/latex/graphics/graphicx.sty
Package: graphicx 2021/09/16 v1.2d Enhanced LaTeX Graphics (DPC,SPQR)
 (/usr/local/texlive/2022/texmf-dist/tex/latex/graphics/keyval.sty
Package: keyval 2014/10/28 v1.15 key=value parser (DPC)
\KV@toks@=\toks16
) (/usr/local/texlive/2022/texmf-dist/tex/latex/graphics/graphics.sty
Package: graphics 2021/03/04 v1.4d Standard LaTeX Graphics (DPC,SPQR)
 (/usr/local/texlive/2022/texmf-dist/tex/latex/graphics/trig.sty
Package: trig 2021/08/11 v1.11 sin cos tan (DPC)
) (/usr/local/texlive/2022/texmf-dist/tex/latex/graphics-cfg/graphics.cfg
File: graphics.cfg 2016/06/04 v1.11 sample graphics configuration
)
Package graphics Info: Driver file: pdftex.def on input line 107.
 (/usr/local/texlive/2022/texmf-dist/tex/latex/graphics-def/pdftex.def
File: pdftex.def 2020/10/05 v1.2a Graphics/color driver for pdftex
))
\Gin@req@height=\dimen139
\Gin@req@width=\dimen140
)

/Users/guochenghua/Documents/research/Git/UQ_Graph/Latex/UQ_on_ML.tex:10: LaTeX Error: Missing \begin{document}.

See the LaTeX manual or LaTeX Companion for explanation.
Type  H <return>  for immediate help.
 ...                                              
                                                  
l.10 \maketitle
               
You're in trouble here.  Try typing  <return>  to proceed.
If that doesn't work, type  X <return>  to quit.

LaTeX Font Info:    External font `cmex10' loaded for size
(Font)              <12> on input line 10.
LaTeX Font Info:    External font `cmex10' loaded for size
(Font)              <8> on input line 10.
LaTeX Font Info:    External font `cmex10' loaded for size
(Font)              <6> on input line 10.

/Users/guochenghua/Documents/research/Git/UQ_Graph/Latex/UQ_on_ML.tex:12: LaTeX Error: Missing \begin{document}.

See the LaTeX manual or LaTeX Companion for explanation.
Type  H <return>  for immediate help.
 ...                                              
                                                  
l.12 \section
             {Reviews}
You're in trouble here.  Try typing  <return>  to proceed.
If that doesn't work, type  X <return>  to quit.


/Users/guochenghua/Documents/research/Git/UQ_Graph/Latex/UQ_on_ML.tex:12: LaTeX Error: Missing \begin{document}.

See the LaTeX manual or LaTeX Companion for explanation.
Type  H <return>  for immediate help.
 ...                                              
                                                  
l.12 \section{Reviews}
                      
You're in trouble here.  Try typing  <return>  to proceed.
If that doesn't work, type  X <return>  to quit.


/Users/guochenghua/Documents/research/Git/UQ_Graph/Latex/UQ_on_ML.tex:16: LaTeX Error: Missing \begin{document}.

See the LaTeX manual or LaTeX Companion for explanation.
Type  H <return>  for immediate help.
 ...                                              
                                                  
l.16 \begin{figure}[ht]
                       
You're in trouble here.  Try typing  <return>  to proceed.
If that doesn't work, type  X <return>  to quit.


LaTeX Warning: File `MC dropout.png' not found on input line 17.


/Users/guochenghua/Documents/research/Git/UQ_Graph/Latex/UQ_on_ML.tex:17: Package pdftex.def Error: File `MC dropout.png' not found: using draft setting.

See the pdftex.def package documentation for explanation.
Type  H <return>  for immediate help.
 ...                                              
                                                  
l.17 \includegraphics[width=3in]{MC dropout.png}
                                                
Try typing  <return>  to proceed.
If that doesn't work, type  X <return>  to quit.

LaTeX Font Info:    External font `cmex10' loaded for size
(Font)              <7> on input line 19.
LaTeX Font Info:    External font `cmex10' loaded for size
(Font)              <5> on input line 19.

Underfull \hbox (badness 10000) in paragraph at lines 19--20

 []


Underfull \hbox (badness 10000) in paragraph at lines 28--29

 []


Underfull \hbox (badness 10000) in paragraph at lines 30--31

 []


Underfull \hbox (badness 10000) in paragraph at lines 32--33

 []

[1

{/usr/local/texlive/2022/texmf-var/fonts/map/pdftex/updmap/pdftex.map}
\@writefile{toc}{\contentsline {section}{\numberline {1}Reviews}{1}{}\protected@file@percent }
\@writefile{toc}{\contentsline {subsection}{\numberline {1.1}Calibrating Uncertainty Models for Steering Angle Estimation - 2019 IEEE}{1}{}\protected@file@percent }
\@writefile{toc}{\contentsline {subsubsection}{\numberline {1.1.1}Monte Carlo Dropout}{1}{}\protected@file@percent }
\@writefile{toc}{\contentsline {subsubsection}{\numberline {1.1.2}Bootstrap Model}{1}{}\protected@file@percent }
]

/Users/guochenghua/Documents/research/Git/UQ_Graph/Latex/UQ_on_ML.tex:34: LaTeX Error: Missing \begin{document}.

See the LaTeX manual or LaTeX Companion for explanation.
Type  H <return>  for immediate help.
 ...                                              
                                                  
l.34 \begin{figure}[ht]
                       
You're in trouble here.  Try typing  <return>  to proceed.
If that doesn't work, type  X <return>  to quit.


LaTeX Warning: File `Bootstrap.png' not found on input line 35.


/Users/guochenghua/Documents/research/Git/UQ_Graph/Latex/UQ_on_ML.tex:35: Package pdftex.def Error: File `Bootstrap.png' not found: using draft setting.

See the pdftex.def package documentation for explanation.
Type  H <return>  for immediate help.
 ...                                              
                                                  
l.35 \includegraphics[width=3in]{Bootstrap.png}
                                               
Try typing  <return>  to proceed.
If that doesn't work, type  X <return>  to quit.


Underfull \hbox (badness 10000) in paragraph at lines 38--39

 []

[2]

LaTeX Warning: File `GMM.png' not found on input line 51.


/Users/guochenghua/Documents/research/Git/UQ_Graph/Latex/UQ_on_ML.tex:51: Package pdftex.def Error: File `GMM.png' not found: using draft setting.

See the pdftex.def package documentation for explanation.
Type  H <return>  for immediate help.
 ...                                              
                                                  
l.51 \includegraphics[width=2in]{GMM.png}
                                         
Try typing  <return>  to proceed.
If that doesn't work, type  X <return>  to quit.

[3
\@writefile{toc}{\contentsline {subsubsection}{\numberline {1.1.3}Gaussian Mixture Model}{3}{}\protected@file@percent }
]

LaTeX Warning: File `Calibration.png' not found on input line 68.


/Users/guochenghua/Documents/research/Git/UQ_Graph/Latex/UQ_on_ML.tex:68: Package pdftex.def Error: File `Calibration.png' not found: using draft setting.

See the pdftex.def package documentation for explanation.
Type  H <return>  for immediate help.
 ...                                              
                                                  
l.68 ...udegraphics[width=2.75in]{Calibration.png}
                                                  
Try typing  <return>  to proceed.
If that doesn't work, type  X <return>  to quit.

)
! Emergency stop.
<*> ...ts/research/Git/UQ_Graph/Latex/UQ_on_ML.tex
                                                  
*** (job aborted, no legal \end found)

 
Here is how much of TeX's memory you used:
 850 strings out of 478268
 13195 string characters out of 5846347
 313916 words of memory out of 5000000
 19098 multiletter control sequences out of 15000+600000
 473682 words of font info for 43 fonts, out of 8000000 for 9000
 1141 hyphenation exceptions out of 8191
 55i,6n,62p,565b,260s stack positions out of 10000i,1000n,20000p,200000b,200000s
!  ==> Fatal error occurred, no output PDF file produced!
